<?xml version="1.0" encoding="UTF-8"?>
<testsuite xmlns:xsi="http://www.w3.org/2001/XMLSchema-instance" xsi:noNamespaceSchemaLocation="https://maven.apache.org/surefire/maven-surefire-plugin/xsd/surefire-test-report-3.0.xsd" version="3.0" name="com.ejercicios.guiaGenerics.Ejercicio15.OperationTest" time="0.017" tests="1" errors="0" skipped="0" failures="0">
  <properties>
[...]
</properties>
  <testcase name="opTest" classname="com.ejercicios.guiaGenerics.Ejercicio15.OperationTest" time="0.009">
    <system-out><![CDATA[4.00 + 2.00 = 6.00
4.00 - 2.00 = 2.00
4.00 * 2.00 = 8.00
4.00 / 2.00 = 2.00
4.00 ^ 2.00 = 16.00
4.00 % 2.00 = 0.00
]]></system-out>
  </testcase>
</testsuite>